# JRE version: Java(TM) SE Runtime Environment (8.0_371) (build 1.8.0_371-b11)
# Java VM: Java HotSpot(TM) 64-Bit Server VM (25.371-b11 mixed mode windows-amd64 compressed oops)
Heap:
 PSYoungGen      total 882176K, used 428941K [0x000000076cb80000, 0x00000007c0000000, 0x00000007c0000000)
  eden space 427520K, 100% used [0x000000076cb80000,0x0000000786d00000,0x0000000786d00000)
  from space 454656K, 0% used [0x0000000786d00000,0x0000000786e63628,0x00000007a2900000)
  to   space 454656K, 0% used [0x00000007a4400000,0x00000007a4400000,0x00000007c0000000)
 ParOldGen       total 2729472K, used 2718046K [0x00000006c6200000, 0x000000076cb80000, 0x000000076cb80000)
  object space 2729472K, 99% used [0x00000006c6200000,0x000000076c057878,0x000000076cb80000)
 Metaspace       used 3320K, capacity 4564K, committed 4864K, reserved 1056768K
  class space    used 375K, capacity 388K, committed 512K, reserved 1048576K
GC Heap History (10 events):
Event: 519.868 GC heap after
Heap after GC invocations=132 (full 115):
 PSYoungGen      total 882176K, used 428941K [0x000000076cb80000, 0x00000007c0000000, 0x00000007c0000000)
  eden space 427520K, 100% used [0x000000076cb80000,0x0000000786d00000,0x0000000786d00000)
  from space 454656K, 0% used [0x0000000786d00000,0x0000000786e63628,0x00000007a2900000)
  to   space 454656K, 0% used [0x00000007a4400000,0x00000007a4400000,0x00000007c0000000)
 ParOldGen       total 2729472K, used 2718037K [0x00000006c6200000, 0x000000076cb80000, 0x000000076cb80000)
  object space 2729472K, 99% used [0x00000006c6200000,0x000000076c0556b8,0x000000076cb80000)
 Metaspace       used 3320K, capacity 4564K, committed 4864K, reserved 1056768K
  class space    used 375K, capacity 388K, committed 512K, reserved 1048576K
}
Event: 519.868 GC heap before
{Heap before GC invocations=133 (full 116):
 PSYoungGen      total 882176K, used 428941K [0x000000076cb80000, 0x00000007c0000000, 0x00000007c0000000)
  eden space 427520K, 100% used [0x000000076cb80000,0x0000000786d00000,0x0000000786d00000)
  from space 454656K, 0% used [0x0000000786d00000,0x0000000786e63628,0x00000007a2900000)
  to   space 454656K, 0% used [0x00000007a4400000,0x00000007a4400000,0x00000007c0000000)
 ParOldGen       total 2729472K, used 2718039K [0x00000006c6200000, 0x000000076cb80000, 0x000000076cb80000)
  object space 2729472K, 99% used [0x00000006c6200000,0x000000076c055e78,0x000000076cb80000)
 Metaspace       used 3320K, capacity 4564K, committed 4864K, reserved 1056768K
  class space    used 375K, capacity 388K, committed 512K, reserved 1048576K
Event: 523.638 GC heap after
Heap after GC invocations=133 (full 116):
 PSYoungGen      total 882176K, used 428941K [0x000000076cb80000, 0x00000007c0000000, 0x00000007c0000000)
  eden space 427520K, 100% used [0x000000076cb80000,0x0000000786d00000,0x0000000786d00000)
  from space 454656K, 0% used [0x0000000786d00000,0x0000000786e63628,0x00000007a2900000)
  to   space 454656K, 0% used [0x00000007a4400000,0x00000007a4400000,0x00000007c0000000)
 ParOldGen       total 2729472K, used 2718039K [0x00000006c6200000, 0x000000076cb80000, 0x000000076cb80000)
  object space 2729472K, 99% used [0x00000006c6200000,0x000000076c055d38,0x000000076cb80000)
 Metaspace       used 3320K, capacity 4564K, committed 4864K, reserved 1056768K
  class space    used 375K, capacity 388K, committed 512K, reserved 1048576K
}
Event: 523.638 GC heap before
{Heap before GC invocations=134 (full 117):
 PSYoungGen      total 882176K, used 428941K [0x000000076cb80000, 0x00000007c0000000, 0x00000007c0000000)
  eden space 427520K, 100% used [0x000000076cb80000,0x0000000786d00000,0x0000000786d00000)
  from space 454656K, 0% used [0x0000000786d00000,0x0000000786e63628,0x00000007a2900000)
  to   space 454656K, 0% used [0x00000007a4400000,0x00000007a4400000,0x00000007c0000000)
 ParOldGen       total 2729472K, used 2718041K [0x00000006c6200000, 0x000000076cb80000, 0x000000076cb80000)
  object space 2729472K, 99% used [0x00000006c6200000,0x000000076c0564f8,0x000000076cb80000)
 Metaspace       used 3320K, capacity 4564K, committed 4864K, reserved 1056768K
  class space    used 375K, capacity 388K, committed 512K, reserved 1048576K
Event: 527.405 GC heap after
Heap after GC invocations=134 (full 117):
 PSYoungGen      total 882176K, used 428941K [0x000000076cb80000, 0x00000007c0000000, 0x00000007c0000000)
  eden space 427520K, 100% used [0x000000076cb80000,0x0000000786d00000,0x0000000786d00000)
  from space 454656K, 0% used [0x0000000786d00000,0x0000000786e63628,0x00000007a2900000)
  to   space 454656K, 0% used [0x00000007a4400000,0x00000007a4400000,0x00000007c0000000)
 ParOldGen       total 2729472K, used 2718040K [0x00000006c6200000, 0x000000076cb80000, 0x000000076cb80000)
  object space 2729472K, 99% used [0x00000006c6200000,0x000000076c0563b8,0x000000076cb80000)
 Metaspace       used 3320K, capacity 4564K, committed 4864K, reserved 1056768K
  class space    used 375K, capacity 388K, committed 512K, reserved 1048576K
}
Event: 527.405 GC heap before
{Heap before GC invocations=135 (full 118):
 PSYoungGen      total 882176K, used 428941K [0x000000076cb80000, 0x00000007c0000000, 0x00000007c0000000)
  eden space 427520K, 100% used [0x000000076cb80000,0x0000000786d00000,0x0000000786d00000)
  from space 454656K, 0% used [0x0000000786d00000,0x0000000786e63628,0x00000007a2900000)
  to   space 454656K, 0% used [0x00000007a4400000,0x00000007a4400000,0x00000007c0000000)
 ParOldGen       total 2729472K, used 2718042K [0x00000006c6200000, 0x000000076cb80000, 0x000000076cb80000)
  object space 2729472K, 99% used [0x00000006c6200000,0x000000076c056b78,0x000000076cb80000)
 Metaspace       used 3320K, capacity 4564K, committed 4864K, reserved 1056768K
  class space    used 375K, capacity 388K, committed 512K, reserved 1048576K
Event: 531.169 GC heap after
Heap after GC invocations=135 (full 118):
 PSYoungGen      total 882176K, used 428941K [0x000000076cb80000, 0x00000007c0000000, 0x00000007c0000000)
  eden space 427520K, 100% used [0x000000076cb80000,0x0000000786d00000,0x0000000786d00000)
  from space 454656K, 0% used [0x0000000786d00000,0x0000000786e63628,0x00000007a2900000)
  to   space 454656K, 0% used [0x00000007a4400000,0x00000007a4400000,0x00000007c0000000)
 ParOldGen       total 2729472K, used 2718042K [0x00000006c6200000, 0x000000076cb80000, 0x000000076cb80000)
  object space 2729472K, 99% used [0x00000006c6200000,0x000000076c056a38,0x000000076cb80000)
 Metaspace       used 3320K, capacity 4564K, committed 4864K, reserved 1056768K
  class space    used 375K, capacity 388K, committed 512K, reserved 1048576K
}
Event: 531.170 GC heap before
{Heap before GC invocations=136 (full 119):
 PSYoungGen      total 882176K, used 428941K [0x000000076cb80000, 0x00000007c0000000, 0x00000007c0000000)
  eden space 427520K, 100% used [0x000000076cb80000,0x0000000786d00000,0x0000000786d00000)
  from space 454656K, 0% used [0x0000000786d00000,0x0000000786e63628,0x00000007a2900000)
  to   space 454656K, 0% used [0x00000007a4400000,0x00000007a4400000,0x00000007c0000000)
 ParOldGen       total 2729472K, used 2718044K [0x00000006c6200000, 0x000000076cb80000, 0x000000076cb80000)
  object space 2729472K, 99% used [0x00000006c6200000,0x000000076c0571f8,0x000000076cb80000)
 Metaspace       used 3320K, capacity 4564K, committed 4864K, reserved 1056768K
  class space    used 375K, capacity 388K, committed 512K, reserved 1048576K
Event: 534.972 GC heap after
Heap after GC invocations=136 (full 119):
 PSYoungGen      total 882176K, used 428941K [0x000000076cb80000, 0x00000007c0000000, 0x00000007c0000000)
  eden space 427520K, 100% used [0x000000076cb80000,0x0000000786d00000,0x0000000786d00000)
  from space 454656K, 0% used [0x0000000786d00000,0x0000000786e63628,0x00000007a2900000)
  to   space 454656K, 0% used [0x00000007a4400000,0x00000007a4400000,0x00000007c0000000)
 ParOldGen       total 2729472K, used 2718044K [0x00000006c6200000, 0x000000076cb80000, 0x000000076cb80000)
  object space 2729472K, 99% used [0x00000006c6200000,0x000000076c0570b8,0x000000076cb80000)
 Metaspace       used 3320K, capacity 4564K, committed 4864K, reserved 1056768K
  class space    used 375K, capacity 388K, committed 512K, reserved 1048576K
}
Event: 534.972 GC heap before
{Heap before GC invocations=137 (full 120):
 PSYoungGen      total 882176K, used 428941K [0x000000076cb80000, 0x00000007c0000000, 0x00000007c0000000)
  eden space 427520K, 100% used [0x000000076cb80000,0x0000000786d00000,0x0000000786d00000)
  from space 454656K, 0% used [0x0000000786d00000,0x0000000786e63628,0x00000007a2900000)
  to   space 454656K, 0% used [0x00000007a4400000,0x00000007a4400000,0x00000007c0000000)
 ParOldGen       total 2729472K, used 2718046K [0x00000006c6200000, 0x000000076cb80000, 0x000000076cb80000)
  object space 2729472K, 99% used [0x00000006c6200000,0x000000076c057878,0x000000076cb80000)
 Metaspace       used 3320K, capacity 4564K, committed 4864K, reserved 1056768K
  class space    used 375K, capacity 388K, committed 512K, reserved 1048576K

